# JRE version: Java(TM) SE Runtime Environment (17.0.6+9) (build 17.0.6+9-LTS-190)
# Java VM: Java HotSpot(TM) 64-Bit Server VM (17.0.6+9-LTS-190, mixed mode, sharing, tiered, compressed oops, compressed class ptrs, g1 gc, windows-amd64)
GC Precious Log:
 CPUs: 12 total, 12 available
 Memory: 16145M
 Large Page Support: Disabled
 NUMA Support: Disabled
 Compressed Oops: Enabled (Zero based)
 Heap Region Size: 2M
 Heap Min Capacity: 8M
 Heap Initial Capacity: 254M
 Heap Max Capacity: 4038M
 Pre-touch: Disabled
 Parallel Workers: 10
 Concurrent Workers: 3
 Concurrent Refinement Workers: 10
 Periodic GC: Disabled
Heap:
 garbage-first heap   total 925696K, used 8550K [0x0000000703a00000, 0x0000000800000000)
  region size 2048K, 1 young (2048K), 1 survivors (2048K)
 Metaspace       used 8142K, committed 8256K, reserved 1056768K
  class space    used 976K, committed 1024K, reserved 1048576K
GC Heap History (20 events):
Event: 5643.368 GC heap after
{Heap after GC invocations=22017 (full 0):
 garbage-first heap   total 925696K, used 8737K [0x0000000703a00000, 0x0000000800000000)
  region size 2048K, 1 young (2048K), 1 survivors (2048K)
 Metaspace       used 8142K, committed 8256K, reserved 1056768K
  class space    used 976K, committed 1024K, reserved 1048576K
}
Event: 5644.959 GC heap before
{Heap before GC invocations=22017 (full 0):
 garbage-first heap   total 925696K, used 561697K [0x0000000703a00000, 0x0000000800000000)
  region size 2048K, 271 young (555008K), 1 survivors (2048K)
 Metaspace       used 8142K, committed 8256K, reserved 1056768K
  class space    used 976K, committed 1024K, reserved 1048576K
}
Event: 5645.086 GC heap after
{Heap after GC invocations=22018 (full 0):
 garbage-first heap   total 925696K, used 8608K [0x0000000703a00000, 0x0000000800000000)
  region size 2048K, 1 young (2048K), 1 survivors (2048K)
 Metaspace       used 8142K, committed 8256K, reserved 1056768K
  class space    used 976K, committed 1024K, reserved 1048576K
}
Event: 5645.992 GC heap before
{Heap before GC invocations=22018 (full 0):
 garbage-first heap   total 925696K, used 561568K [0x0000000703a00000, 0x0000000800000000)
  region size 2048K, 271 young (555008K), 1 survivors (2048K)
 Metaspace       used 8142K, committed 8256K, reserved 1056768K
  class space    used 976K, committed 1024K, reserved 1048576K
}
Event: 5646.015 GC heap after
{Heap after GC invocations=22019 (full 0):
 garbage-first heap   total 925696K, used 8493K [0x0000000703a00000, 0x0000000800000000)
  region size 2048K, 1 young (2048K), 1 survivors (2048K)
 Metaspace       used 8142K, committed 8256K, reserved 1056768K
  class space    used 976K, committed 1024K, reserved 1048576K
}
Event: 5646.762 GC heap before
{Heap before GC invocations=22019 (full 0):
 garbage-first heap   total 925696K, used 561453K [0x0000000703a00000, 0x0000000800000000)
  region size 2048K, 271 young (555008K), 1 survivors (2048K)
 Metaspace       used 8142K, committed 8256K, reserved 1056768K
  class space    used 976K, committed 1024K, reserved 1048576K
}
Event: 5646.766 GC heap after
{Heap after GC invocations=22020 (full 0):
 garbage-first heap   total 925696K, used 8617K [0x0000000703a00000, 0x0000000800000000)
  region size 2048K, 1 young (2048K), 1 survivors (2048K)
 Metaspace       used 8142K, committed 8256K, reserved 1056768K
  class space    used 976K, committed 1024K, reserved 1048576K
}
Event: 5647.354 GC heap before
{Heap before GC invocations=22020 (full 0):
 garbage-first heap   total 925696K, used 561577K [0x0000000703a00000, 0x0000000800000000)
  region size 2048K, 271 young (555008K), 1 survivors (2048K)
 Metaspace       used 8142K, committed 8256K, reserved 1056768K
  class space    used 976K, committed 1024K, reserved 1048576K
}
Event: 5647.356 GC heap after
{Heap after GC invocations=22021 (full 0):
 garbage-first heap   total 925696K, used 8486K [0x0000000703a00000, 0x0000000800000000)
  region size 2048K, 1 young (2048K), 1 survivors (2048K)
 Metaspace       used 8142K, committed 8256K, reserved 1056768K
  class space    used 976K, committed 1024K, reserved 1048576K
}
Event: 5647.950 GC heap before
{Heap before GC invocations=22021 (full 0):
 garbage-first heap   total 925696K, used 561446K [0x0000000703a00000, 0x0000000800000000)
  region size 2048K, 271 young (555008K), 1 survivors (2048K)
 Metaspace       used 8142K, committed 8256K, reserved 1056768K
  class space    used 976K, committed 1024K, reserved 1048576K
}
Event: 5647.956 GC heap after
{Heap after GC invocations=22022 (full 0):
 garbage-first heap   total 925696K, used 8603K [0x0000000703a00000, 0x0000000800000000)
  region size 2048K, 1 young (2048K), 1 survivors (2048K)
 Metaspace       used 8142K, committed 8256K, reserved 1056768K
  class space    used 976K, committed 1024K, reserved 1048576K
}
Event: 5648.769 GC heap before
{Heap before GC invocations=22022 (full 0):
 garbage-first heap   total 925696K, used 561563K [0x0000000703a00000, 0x0000000800000000)
  region size 2048K, 271 young (555008K), 1 survivors (2048K)
 Metaspace       used 8142K, committed 8256K, reserved 1056768K
  class space    used 976K, committed 1024K, reserved 1048576K
}
Event: 5648.772 GC heap after
{Heap after GC invocations=22023 (full 0):
 garbage-first heap   total 925696K, used 8526K [0x0000000703a00000, 0x0000000800000000)
  region size 2048K, 1 young (2048K), 1 survivors (2048K)
 Metaspace       used 8142K, committed 8256K, reserved 1056768K
  class space    used 976K, committed 1024K, reserved 1048576K
}
Event: 5649.454 GC heap before
{Heap before GC invocations=22023 (full 0):
 garbage-first heap   total 925696K, used 561486K [0x0000000703a00000, 0x0000000800000000)
  region size 2048K, 271 young (555008K), 1 survivors (2048K)
 Metaspace       used 8142K, committed 8256K, reserved 1056768K
  class space    used 976K, committed 1024K, reserved 1048576K
}
Event: 5649.562 GC heap after
{Heap after GC invocations=22024 (full 0):
 garbage-first heap   total 925696K, used 8632K [0x0000000703a00000, 0x0000000800000000)
  region size 2048K, 1 young (2048K), 1 survivors (2048K)
 Metaspace       used 8142K, committed 8256K, reserved 1056768K
  class space    used 976K, committed 1024K, reserved 1048576K
}
Event: 5650.394 GC heap before
{Heap before GC invocations=22024 (full 0):
 garbage-first heap   total 925696K, used 561592K [0x0000000703a00000, 0x0000000800000000)
  region size 2048K, 271 young (555008K), 1 survivors (2048K)
 Metaspace       used 8142K, committed 8256K, reserved 1056768K
  class space    used 976K, committed 1024K, reserved 1048576K
}
Event: 5650.397 GC heap after
{Heap after GC invocations=22025 (full 0):
 garbage-first heap   total 925696K, used 8498K [0x0000000703a00000, 0x0000000800000000)
  region size 2048K, 1 young (2048K), 1 survivors (2048K)
 Metaspace       used 8142K, committed 8256K, reserved 1056768K
  class space    used 976K, committed 1024K, reserved 1048576K
}
Event: 5651.142 GC heap before
{Heap before GC invocations=22025 (full 0):
 garbage-first heap   total 925696K, used 561458K [0x0000000703a00000, 0x0000000800000000)
  region size 2048K, 271 young (555008K), 1 survivors (2048K)
 Metaspace       used 8142K, committed 8256K, reserved 1056768K
  class space    used 976K, committed 1024K, reserved 1048576K
}
Event: 5651.178 GC heap after
{Heap after GC invocations=22026 (full 0):
 garbage-first heap   total 925696K, used 8665K [0x0000000703a00000, 0x0000000800000000)
  region size 2048K, 1 young (2048K), 1 survivors (2048K)
 Metaspace       used 8142K, committed 8256K, reserved 1056768K
  class space    used 976K, committed 1024K, reserved 1048576K
}
Event: 5651.681 GC heap before
{Heap before GC invocations=22026 (full 0):
 garbage-first heap   total 925696K, used 561625K [0x0000000703a00000, 0x0000000800000000)
  region size 2048K, 271 young (555008K), 1 survivors (2048K)
 Metaspace       used 8142K, committed 8256K, reserved 1056768K
  class space    used 976K, committed 1024K, reserved 1048576K
}

